2018-03-09 12:18:02,702:INFO: Loading the datasets...
2018-03-09 12:18:06,068:INFO: - done.
2018-03-09 12:22:53,512:INFO: Loading the datasets...
2018-03-09 12:22:56,898:INFO: - done.
2018-03-09 12:22:57,110:INFO: Starting training for 30 epoch(s)
2018-03-09 12:22:57,110:INFO: Epoch 1/30
2018-03-09 12:27:22,093:INFO: Loading the datasets...
2018-03-09 12:27:25,487:INFO: - done.
2018-03-09 12:27:25,668:INFO: Starting training for 30 epoch(s)
2018-03-09 12:27:25,668:INFO: Epoch 1/30
2018-03-09 12:32:16,080:INFO: Loading the datasets...
2018-03-09 12:32:19,529:INFO: - done.
2018-03-09 12:32:19,721:INFO: Starting training for 30 epoch(s)
2018-03-09 12:32:19,721:INFO: Epoch 1/30
2018-03-09 12:53:53,299:INFO: - Train metrics: accuracy: 0.434 ; loss: 0.741
2018-03-10 02:53:06,426:INFO: Loading the datasets...
2018-03-10 02:53:10,050:INFO: - done.
2018-03-10 02:53:12,594:INFO: Starting training for 30 epoch(s)
2018-03-10 02:53:12,594:INFO: Epoch 1/30
2018-03-10 02:54:09,604:INFO: - Train metrics: accuracy: 0.369 ; loss: 0.788
2018-03-10 02:54:10,411:INFO: - Eval metrics : accuracy: 0.595 ; loss: 0.000
2018-03-10 02:54:10,430:INFO: - Found new best accuracy
2018-03-10 02:54:10,431:INFO: Epoch 2/30
2018-03-10 02:55:07,436:INFO: - Train metrics: accuracy: 0.604 ; loss: 0.585
2018-03-10 02:55:08,249:INFO: - Eval metrics : accuracy: 0.694 ; loss: 0.000
2018-03-10 02:55:08,277:INFO: - Found new best accuracy
2018-03-10 02:55:08,278:INFO: Epoch 3/30
2018-03-10 02:56:05,784:INFO: - Train metrics: accuracy: 0.648 ; loss: 0.547
2018-03-10 02:56:06,635:INFO: - Eval metrics : accuracy: 0.724 ; loss: 0.000
2018-03-10 02:56:06,663:INFO: - Found new best accuracy
2018-03-10 02:56:06,664:INFO: Epoch 4/30
2018-03-10 02:57:04,329:INFO: - Train metrics: accuracy: 0.672 ; loss: 0.529
2018-03-10 02:57:05,133:INFO: - Eval metrics : accuracy: 0.740 ; loss: 0.000
2018-03-10 02:57:05,163:INFO: - Found new best accuracy
2018-03-10 02:57:05,164:INFO: Epoch 5/30
2018-03-10 02:58:03,131:INFO: - Train metrics: accuracy: 0.709 ; loss: 0.495
2018-03-10 02:58:03,944:INFO: - Eval metrics : accuracy: 0.759 ; loss: 0.000
2018-03-10 02:58:03,974:INFO: - Found new best accuracy
2018-03-10 02:58:03,976:INFO: Epoch 6/30
2018-03-10 02:59:02,067:INFO: - Train metrics: accuracy: 0.678 ; loss: 0.498
2018-03-10 02:59:02,902:INFO: - Eval metrics : accuracy: 0.747 ; loss: 0.000
2018-03-10 02:59:02,914:INFO: Epoch 7/30
2018-03-10 03:00:01,121:INFO: - Train metrics: accuracy: 0.752 ; loss: 0.491
2018-03-10 03:00:01,953:INFO: - Eval metrics : accuracy: 0.774 ; loss: 0.000
2018-03-10 03:00:01,981:INFO: - Found new best accuracy
2018-03-10 03:00:01,983:INFO: Epoch 8/30
2018-03-10 03:00:59,996:INFO: - Train metrics: accuracy: 0.760 ; loss: 0.488
2018-03-10 03:01:00,783:INFO: - Eval metrics : accuracy: 0.782 ; loss: 0.000
2018-03-10 03:01:00,824:INFO: - Found new best accuracy
2018-03-10 03:01:00,825:INFO: Epoch 9/30
2018-03-10 03:01:58,841:INFO: - Train metrics: accuracy: 0.764 ; loss: 0.475
2018-03-10 03:01:59,645:INFO: - Eval metrics : accuracy: 0.795 ; loss: 0.000
2018-03-10 03:01:59,675:INFO: - Found new best accuracy
2018-03-10 03:01:59,676:INFO: Epoch 10/30
2018-03-10 03:02:57,596:INFO: - Train metrics: accuracy: 0.756 ; loss: 0.461
2018-03-10 03:02:58,396:INFO: - Eval metrics : accuracy: 0.791 ; loss: 0.000
2018-03-10 03:02:58,414:INFO: Epoch 11/30
2018-03-10 03:03:56,468:INFO: - Train metrics: accuracy: 0.791 ; loss: 0.466
2018-03-10 03:03:57,280:INFO: - Eval metrics : accuracy: 0.804 ; loss: 0.000
2018-03-10 03:03:57,306:INFO: - Found new best accuracy
2018-03-10 03:03:57,307:INFO: Epoch 12/30
2018-03-10 03:04:55,404:INFO: - Train metrics: accuracy: 0.824 ; loss: 0.438
2018-03-10 03:04:56,227:INFO: - Eval metrics : accuracy: 0.801 ; loss: 0.000
2018-03-10 03:04:56,244:INFO: Epoch 13/30
2018-03-10 03:05:54,242:INFO: - Train metrics: accuracy: 0.752 ; loss: 0.451
2018-03-10 03:05:55,034:INFO: - Eval metrics : accuracy: 0.812 ; loss: 0.000
2018-03-10 03:05:55,063:INFO: - Found new best accuracy
2018-03-10 03:05:55,064:INFO: Epoch 14/30
2018-03-10 03:06:53,049:INFO: - Train metrics: accuracy: 0.797 ; loss: 0.431
2018-03-10 03:06:53,856:INFO: - Eval metrics : accuracy: 0.809 ; loss: 0.000
2018-03-10 03:06:53,873:INFO: Epoch 15/30
2018-03-10 03:07:51,991:INFO: - Train metrics: accuracy: 0.795 ; loss: 0.439
2018-03-10 03:07:52,796:INFO: - Eval metrics : accuracy: 0.817 ; loss: 0.000
2018-03-10 03:07:52,824:INFO: - Found new best accuracy
2018-03-10 03:07:52,824:INFO: Epoch 16/30
2018-03-10 03:08:50,832:INFO: - Train metrics: accuracy: 0.820 ; loss: 0.439
2018-03-10 03:08:51,626:INFO: - Eval metrics : accuracy: 0.819 ; loss: 0.000
2018-03-10 03:08:51,654:INFO: - Found new best accuracy
2018-03-10 03:08:51,656:INFO: Epoch 17/30
2018-03-10 03:09:49,703:INFO: - Train metrics: accuracy: 0.812 ; loss: 0.419
2018-03-10 03:09:50,512:INFO: - Eval metrics : accuracy: 0.819 ; loss: 0.000
2018-03-10 03:09:50,540:INFO: - Found new best accuracy
2018-03-10 03:09:50,540:INFO: Epoch 18/30
2018-03-10 03:10:48,512:INFO: - Train metrics: accuracy: 0.805 ; loss: 0.423
2018-03-10 03:10:49,336:INFO: - Eval metrics : accuracy: 0.813 ; loss: 0.000
2018-03-10 03:10:49,353:INFO: Epoch 19/30
2018-03-10 03:11:47,476:INFO: - Train metrics: accuracy: 0.803 ; loss: 0.444
2018-03-10 03:11:48,284:INFO: - Eval metrics : accuracy: 0.816 ; loss: 0.000
2018-03-10 03:11:48,300:INFO: Epoch 20/30
2018-03-10 03:12:46,290:INFO: - Train metrics: accuracy: 0.828 ; loss: 0.454
2018-03-10 03:12:47,116:INFO: - Eval metrics : accuracy: 0.832 ; loss: 0.000
2018-03-10 03:12:47,144:INFO: - Found new best accuracy
2018-03-10 03:12:47,144:INFO: Epoch 21/30
2018-03-10 03:13:45,146:INFO: - Train metrics: accuracy: 0.793 ; loss: 0.450
2018-03-10 03:13:45,964:INFO: - Eval metrics : accuracy: 0.828 ; loss: 0.000
2018-03-10 03:13:45,982:INFO: Epoch 22/30
2018-03-10 03:14:44,082:INFO: - Train metrics: accuracy: 0.793 ; loss: 0.454
2018-03-10 03:14:44,891:INFO: - Eval metrics : accuracy: 0.835 ; loss: 0.000
2018-03-10 03:14:44,919:INFO: - Found new best accuracy
2018-03-10 03:14:44,919:INFO: Epoch 23/30
2018-03-10 03:15:42,919:INFO: - Train metrics: accuracy: 0.826 ; loss: 0.458
2018-03-10 03:15:43,723:INFO: - Eval metrics : accuracy: 0.823 ; loss: 0.000
2018-03-10 03:15:43,738:INFO: Epoch 24/30
2018-03-10 03:16:41,764:INFO: - Train metrics: accuracy: 0.814 ; loss: 0.436
2018-03-10 03:16:42,579:INFO: - Eval metrics : accuracy: 0.826 ; loss: 0.000
2018-03-10 03:16:42,596:INFO: Epoch 25/30
2018-03-10 03:17:40,615:INFO: - Train metrics: accuracy: 0.824 ; loss: 0.439
2018-03-10 03:17:41,434:INFO: - Eval metrics : accuracy: 0.829 ; loss: 0.000
2018-03-10 03:17:41,450:INFO: Epoch 26/30
2018-03-10 03:18:39,450:INFO: - Train metrics: accuracy: 0.826 ; loss: 0.431
2018-03-10 03:18:40,251:INFO: - Eval metrics : accuracy: 0.828 ; loss: 0.000
2018-03-10 03:18:40,267:INFO: Epoch 27/30
2018-03-10 03:19:38,306:INFO: - Train metrics: accuracy: 0.857 ; loss: 0.421
2018-03-10 03:19:39,128:INFO: - Eval metrics : accuracy: 0.838 ; loss: 0.000
2018-03-10 03:19:39,156:INFO: - Found new best accuracy
2018-03-10 03:19:39,158:INFO: Epoch 28/30
2018-03-10 03:20:37,248:INFO: - Train metrics: accuracy: 0.832 ; loss: 0.447
2018-03-10 03:20:38,068:INFO: - Eval metrics : accuracy: 0.838 ; loss: 0.000
2018-03-10 03:20:38,085:INFO: Epoch 29/30
2018-03-10 03:21:36,184:INFO: - Train metrics: accuracy: 0.830 ; loss: 0.449
2018-03-10 03:21:37,014:INFO: - Eval metrics : accuracy: 0.839 ; loss: 0.000
2018-03-10 03:21:37,041:INFO: - Found new best accuracy
2018-03-10 03:21:37,042:INFO: Epoch 30/30
2018-03-10 03:22:35,042:INFO: - Train metrics: accuracy: 0.850 ; loss: 0.428
2018-03-10 03:22:35,872:INFO: - Eval metrics : accuracy: 0.842 ; loss: 0.000
2018-03-10 03:22:35,900:INFO: - Found new best accuracy
2018-03-10 06:50:16,323:INFO: Loading the datasets...
2018-03-10 06:50:19,927:INFO: - done.
2018-03-10 06:50:22,441:INFO: Starting training for 30 epoch(s)
2018-03-10 06:50:22,442:INFO: Epoch 1/30
2018-03-10 06:51:19,821:INFO: - Train metrics: accuracy: 0.357 ; loss: 0.792
2018-03-10 06:51:20,650:INFO: - Eval metrics : accuracy: 0.589 ; loss: 0.000
2018-03-10 06:51:20,685:INFO: - Found new best accuracy
2018-03-10 06:51:20,685:INFO: Epoch 2/30
2018-03-10 06:52:17,802:INFO: - Train metrics: accuracy: 0.592 ; loss: 0.599
2018-03-10 06:52:18,605:INFO: - Eval metrics : accuracy: 0.690 ; loss: 0.000
2018-03-10 06:52:18,634:INFO: - Found new best accuracy
2018-03-10 06:52:18,634:INFO: Epoch 3/30
2018-03-10 06:53:16,412:INFO: - Train metrics: accuracy: 0.633 ; loss: 0.557
2018-03-10 06:53:17,217:INFO: - Eval metrics : accuracy: 0.721 ; loss: 0.000
2018-03-10 06:53:17,252:INFO: - Found new best accuracy
2018-03-10 06:53:17,252:INFO: Epoch 4/30
2018-03-10 06:54:14,961:INFO: - Train metrics: accuracy: 0.680 ; loss: 0.521
2018-03-10 06:54:15,787:INFO: - Eval metrics : accuracy: 0.740 ; loss: 0.000
2018-03-10 06:54:15,828:INFO: - Found new best accuracy
2018-03-10 06:54:15,828:INFO: Epoch 5/30
2018-03-10 06:55:15,103:INFO: - Train metrics: accuracy: 0.703 ; loss: 0.495
2018-03-10 06:55:16,931:INFO: - Eval metrics : accuracy: 0.752 ; loss: 0.000
2018-03-10 06:55:16,978:INFO: - Found new best accuracy
2018-03-10 06:55:16,979:INFO: Epoch 6/30
2018-03-10 06:56:57,460:INFO: - Train metrics: accuracy: 0.695 ; loss: 0.495
2018-03-10 06:56:59,023:INFO: - Eval metrics : accuracy: 0.769 ; loss: 0.000
2018-03-10 06:56:59,085:INFO: - Found new best accuracy
2018-03-10 06:56:59,085:INFO: Epoch 7/30
2018-03-10 06:58:39,095:INFO: - Train metrics: accuracy: 0.730 ; loss: 0.484
2018-03-10 06:58:40,557:INFO: - Eval metrics : accuracy: 0.777 ; loss: 0.000
2018-03-10 06:58:40,591:INFO: - Found new best accuracy
2018-03-10 06:58:40,592:INFO: Epoch 8/30
2018-03-10 07:00:20,549:INFO: - Train metrics: accuracy: 0.760 ; loss: 0.478
2018-03-10 07:00:22,121:INFO: - Eval metrics : accuracy: 0.778 ; loss: 0.000
2018-03-10 07:00:22,161:INFO: - Found new best accuracy
2018-03-10 07:00:22,162:INFO: Epoch 9/30
2018-03-10 07:02:02,496:INFO: - Train metrics: accuracy: 0.783 ; loss: 0.460
2018-03-10 07:02:04,346:INFO: - Eval metrics : accuracy: 0.794 ; loss: 0.000
2018-03-10 07:02:04,391:INFO: - Found new best accuracy
2018-03-10 07:02:04,392:INFO: Epoch 10/30
2018-03-10 07:03:44,676:INFO: - Train metrics: accuracy: 0.738 ; loss: 0.463
2018-03-10 07:03:46,177:INFO: - Eval metrics : accuracy: 0.805 ; loss: 0.000
2018-03-10 07:03:46,207:INFO: - Found new best accuracy
2018-03-10 07:03:46,208:INFO: Epoch 11/30
2018-03-10 07:05:08,904:INFO: - Train metrics: accuracy: 0.793 ; loss: 0.457
2018-03-10 07:05:09,723:INFO: - Eval metrics : accuracy: 0.787 ; loss: 0.000
2018-03-10 07:05:09,736:INFO: Epoch 12/30
2018-03-10 07:06:07,600:INFO: - Train metrics: accuracy: 0.824 ; loss: 0.439
2018-03-10 07:06:08,432:INFO: - Eval metrics : accuracy: 0.803 ; loss: 0.000
2018-03-10 07:06:08,447:INFO: Epoch 13/30
2018-03-10 07:07:06,314:INFO: - Train metrics: accuracy: 0.791 ; loss: 0.462
2018-03-10 07:07:07,166:INFO: - Eval metrics : accuracy: 0.798 ; loss: 0.000
2018-03-10 07:07:07,187:INFO: Epoch 14/30
2018-03-10 07:08:05,125:INFO: - Train metrics: accuracy: 0.801 ; loss: 0.433
2018-03-10 07:08:05,958:INFO: - Eval metrics : accuracy: 0.806 ; loss: 0.000
2018-03-10 07:08:05,987:INFO: - Found new best accuracy
2018-03-10 07:08:05,987:INFO: Epoch 15/30
2018-03-10 07:09:03,789:INFO: - Train metrics: accuracy: 0.805 ; loss: 0.447
2018-03-10 07:09:04,644:INFO: - Eval metrics : accuracy: 0.811 ; loss: 0.000
2018-03-10 07:09:04,671:INFO: - Found new best accuracy
2018-03-10 07:09:04,671:INFO: Epoch 16/30
2018-03-10 07:10:02,516:INFO: - Train metrics: accuracy: 0.803 ; loss: 0.445
2018-03-10 07:10:03,379:INFO: - Eval metrics : accuracy: 0.811 ; loss: 0.000
2018-03-10 07:10:03,395:INFO: Epoch 17/30
2018-03-10 07:11:01,218:INFO: - Train metrics: accuracy: 0.818 ; loss: 0.415
2018-03-10 07:11:02,069:INFO: - Eval metrics : accuracy: 0.815 ; loss: 0.000
2018-03-10 07:11:02,097:INFO: - Found new best accuracy
2018-03-10 07:11:02,098:INFO: Epoch 18/30
2018-03-10 07:11:59,954:INFO: - Train metrics: accuracy: 0.826 ; loss: 0.431
2018-03-10 07:12:00,738:INFO: - Eval metrics : accuracy: 0.822 ; loss: 0.000
2018-03-10 07:12:00,766:INFO: - Found new best accuracy
2018-03-10 07:12:00,766:INFO: Epoch 19/30
2018-03-10 07:12:58,631:INFO: - Train metrics: accuracy: 0.805 ; loss: 0.447
2018-03-10 07:12:59,466:INFO: - Eval metrics : accuracy: 0.818 ; loss: 0.000
2018-03-10 07:12:59,482:INFO: Epoch 20/30
2018-03-10 07:13:57,302:INFO: - Train metrics: accuracy: 0.826 ; loss: 0.465
2018-03-10 07:13:58,132:INFO: - Eval metrics : accuracy: 0.824 ; loss: 0.000
2018-03-10 07:13:58,160:INFO: - Found new best accuracy
2018-03-10 07:13:58,160:INFO: Epoch 21/30
2018-03-10 07:14:56,017:INFO: - Train metrics: accuracy: 0.814 ; loss: 0.452
2018-03-10 07:14:56,831:INFO: - Eval metrics : accuracy: 0.812 ; loss: 0.000
2018-03-10 07:14:56,847:INFO: Epoch 22/30
2018-03-10 07:15:54,686:INFO: - Train metrics: accuracy: 0.801 ; loss: 0.468
2018-03-10 07:15:55,533:INFO: - Eval metrics : accuracy: 0.819 ; loss: 0.000
2018-03-10 07:15:55,554:INFO: Epoch 23/30
2018-03-10 07:16:53,444:INFO: - Train metrics: accuracy: 0.838 ; loss: 0.446
2018-03-10 07:16:54,271:INFO: - Eval metrics : accuracy: 0.825 ; loss: 0.000
2018-03-10 07:16:54,297:INFO: - Found new best accuracy
2018-03-10 07:16:54,298:INFO: Epoch 24/30
2018-03-10 07:17:52,129:INFO: - Train metrics: accuracy: 0.807 ; loss: 0.432
2018-03-10 07:17:52,954:INFO: - Eval metrics : accuracy: 0.830 ; loss: 0.000
2018-03-10 07:17:52,981:INFO: - Found new best accuracy
2018-03-10 07:17:52,983:INFO: Epoch 25/30
2018-03-10 07:18:50,821:INFO: - Train metrics: accuracy: 0.816 ; loss: 0.449
2018-03-10 07:18:51,657:INFO: - Eval metrics : accuracy: 0.827 ; loss: 0.000
2018-03-10 07:18:51,677:INFO: Epoch 26/30
2018-03-10 07:19:49,570:INFO: - Train metrics: accuracy: 0.828 ; loss: 0.437
2018-03-10 07:19:50,410:INFO: - Eval metrics : accuracy: 0.821 ; loss: 0.000
2018-03-10 07:19:50,427:INFO: Epoch 27/30
2018-03-10 07:20:48,246:INFO: - Train metrics: accuracy: 0.863 ; loss: 0.424
2018-03-10 07:20:49,068:INFO: - Eval metrics : accuracy: 0.833 ; loss: 0.000
2018-03-10 07:20:49,098:INFO: - Found new best accuracy
2018-03-10 07:20:49,099:INFO: Epoch 28/30
2018-03-10 07:21:47,035:INFO: - Train metrics: accuracy: 0.846 ; loss: 0.439
2018-03-10 07:21:47,865:INFO: - Eval metrics : accuracy: 0.832 ; loss: 0.000
2018-03-10 07:21:47,885:INFO: Epoch 29/30
2018-03-10 07:22:45,709:INFO: - Train metrics: accuracy: 0.814 ; loss: 0.458
2018-03-10 07:22:46,539:INFO: - Eval metrics : accuracy: 0.839 ; loss: 0.000
2018-03-10 07:22:46,567:INFO: - Found new best accuracy
2018-03-10 07:22:46,567:INFO: Epoch 30/30
2018-03-10 07:23:44,333:INFO: - Train metrics: accuracy: 0.830 ; loss: 0.445
2018-03-10 07:23:45,156:INFO: - Eval metrics : accuracy: 0.838 ; loss: 0.000
2020-09-15 15:06:08,556:INFO: Loading the datasets...
2020-09-15 15:12:55,929:INFO: Loading the datasets...
2020-09-15 15:14:01,751:INFO: - done.
2020-09-15 15:18:18,827:INFO: Loading the datasets...
2020-09-15 15:18:20,551:INFO: - done.
2020-09-15 15:22:20,631:INFO: Loading the datasets...
2020-09-15 15:22:22,451:INFO: - done.
2020-09-15 15:24:53,727:INFO: Loading the datasets...
2020-09-15 15:24:55,449:INFO: - done.
2020-09-15 15:25:57,247:INFO: Loading the datasets...
2020-09-15 15:25:58,968:INFO: - done.
2020-09-15 15:27:05,433:INFO: Loading the datasets...
2020-09-15 15:27:07,557:INFO: - done.
2020-09-15 15:27:07,945:INFO: Experiment - model version: cnn_distill
2020-09-15 15:27:07,945:INFO: Starting training for 30 epoch(s)
2020-09-15 15:27:07,946:INFO: First, loading the teacher model and computing its outputs...
2020-09-17 13:32:57,502:INFO: Loading the datasets...
2020-09-17 13:34:00,362:INFO: - done.
2020-09-17 13:35:02,662:INFO: Loading the datasets...
2020-09-17 13:35:04,473:INFO: - done.
2020-09-17 13:35:21,100:INFO: Experiment - model version: cnn_distill
2020-09-17 13:35:21,100:INFO: Starting training for 30 epoch(s)
2020-09-17 13:35:21,101:INFO: First, loading the teacher model and computing its outputs...
2020-09-17 15:13:59,276:INFO: - Finished computing teacher outputs after 5919 secs..
2020-09-17 15:13:59,279:INFO: Epoch 1/30
2020-09-17 15:15:20,808:INFO: - Train metrics: accuracy: 0.005 ; loss: 0.584
2020-09-17 15:16:38,115:INFO: - Eval metrics : accuracy: 0.028 ; loss: 0.000
2020-09-17 15:16:38,154:INFO: - Found new best accuracy
2020-09-17 15:16:39,548:INFO: Epoch 2/30
2020-09-17 15:18:01,745:INFO: - Train metrics: accuracy: 0.020 ; loss: 0.557
2020-09-17 15:19:18,926:INFO: - Eval metrics : accuracy: 0.038 ; loss: 0.000
2020-09-17 15:19:18,966:INFO: - Found new best accuracy
2020-09-17 15:19:18,975:INFO: Epoch 3/30
2020-09-17 15:20:41,729:INFO: - Train metrics: accuracy: 0.015 ; loss: 0.548
2020-09-17 15:21:59,026:INFO: - Eval metrics : accuracy: 0.050 ; loss: 0.000
2020-09-17 15:21:59,065:INFO: - Found new best accuracy
2020-09-17 15:21:59,076:INFO: Epoch 4/30
2020-09-17 15:23:20,908:INFO: - Train metrics: accuracy: 0.020 ; loss: 0.527
2020-09-17 15:24:38,040:INFO: - Eval metrics : accuracy: 0.064 ; loss: 0.000
2020-09-17 15:24:38,078:INFO: - Found new best accuracy
2020-09-17 15:24:38,088:INFO: Epoch 5/30
2020-09-17 15:26:00,637:INFO: - Train metrics: accuracy: 0.040 ; loss: 0.528
2020-09-17 15:27:17,976:INFO: - Eval metrics : accuracy: 0.080 ; loss: 0.000
2020-09-17 15:27:18,014:INFO: - Found new best accuracy
2020-09-17 15:27:18,024:INFO: Epoch 6/30
2020-09-17 15:28:40,679:INFO: - Train metrics: accuracy: 0.040 ; loss: 0.523
2020-09-17 15:29:58,071:INFO: - Eval metrics : accuracy: 0.087 ; loss: 0.000
2020-09-17 15:29:58,110:INFO: - Found new best accuracy
2020-09-17 15:29:58,122:INFO: Epoch 7/30
2020-09-17 15:31:20,515:INFO: - Train metrics: accuracy: 0.040 ; loss: 0.501
2020-09-17 15:32:38,338:INFO: - Eval metrics : accuracy: 0.106 ; loss: 0.000
2020-09-17 15:32:38,377:INFO: - Found new best accuracy
2020-09-17 15:32:38,387:INFO: Epoch 8/30
2020-09-17 15:34:01,314:INFO: - Train metrics: accuracy: 0.070 ; loss: 0.483
2020-09-17 15:35:19,003:INFO: - Eval metrics : accuracy: 0.111 ; loss: 0.000
2020-09-17 15:35:19,043:INFO: - Found new best accuracy
2020-09-17 15:35:19,054:INFO: Epoch 9/30
2020-09-17 15:36:41,190:INFO: - Train metrics: accuracy: 0.070 ; loss: 0.487
2020-09-17 15:37:58,303:INFO: - Eval metrics : accuracy: 0.119 ; loss: 0.000
2020-09-17 15:37:58,341:INFO: - Found new best accuracy
2020-09-17 15:37:58,351:INFO: Epoch 10/30
2020-09-17 15:39:20,338:INFO: - Train metrics: accuracy: 0.030 ; loss: 0.494
2020-09-17 15:40:37,045:INFO: - Eval metrics : accuracy: 0.129 ; loss: 0.000
2020-09-17 15:40:37,083:INFO: - Found new best accuracy
2020-09-17 15:40:37,094:INFO: Epoch 11/30
2020-09-17 15:41:59,414:INFO: - Train metrics: accuracy: 0.055 ; loss: 0.485
2020-09-17 15:43:15,925:INFO: - Eval metrics : accuracy: 0.142 ; loss: 0.000
2020-09-17 15:43:15,977:INFO: - Found new best accuracy
2020-09-17 15:43:15,990:INFO: Epoch 12/30
2020-09-17 15:44:37,178:INFO: - Train metrics: accuracy: 0.070 ; loss: 0.474
2020-09-17 15:45:54,150:INFO: - Eval metrics : accuracy: 0.149 ; loss: 0.000
2020-09-17 15:45:54,187:INFO: - Found new best accuracy
2020-09-17 15:45:54,196:INFO: Epoch 13/30
2020-09-17 15:47:16,645:INFO: - Train metrics: accuracy: 0.090 ; loss: 0.458
2020-09-17 15:48:34,356:INFO: - Eval metrics : accuracy: 0.151 ; loss: 0.000
2020-09-17 15:48:34,412:INFO: - Found new best accuracy
2020-09-17 15:48:34,428:INFO: Epoch 14/30
2020-09-17 15:49:56,933:INFO: - Train metrics: accuracy: 0.060 ; loss: 0.474
2020-09-17 15:51:14,582:INFO: - Eval metrics : accuracy: 0.168 ; loss: 0.000
2020-09-17 15:51:14,624:INFO: - Found new best accuracy
2020-09-17 15:51:14,635:INFO: Epoch 15/30
2020-09-17 15:52:37,798:INFO: - Train metrics: accuracy: 0.105 ; loss: 0.458
2020-09-17 15:53:55,907:INFO: - Eval metrics : accuracy: 0.171 ; loss: 0.000
2020-09-17 15:53:55,959:INFO: - Found new best accuracy
2020-09-17 15:53:55,973:INFO: Epoch 16/30
2020-09-17 15:55:18,778:INFO: - Train metrics: accuracy: 0.095 ; loss: 0.457
2020-09-17 15:56:36,587:INFO: - Eval metrics : accuracy: 0.178 ; loss: 0.000
2020-09-17 15:56:36,626:INFO: - Found new best accuracy
2020-09-17 15:56:36,637:INFO: Epoch 17/30
2020-09-17 15:57:59,707:INFO: - Train metrics: accuracy: 0.095 ; loss: 0.456
2020-09-17 15:59:17,283:INFO: - Eval metrics : accuracy: 0.184 ; loss: 0.000
2020-09-17 15:59:17,323:INFO: - Found new best accuracy
2020-09-17 15:59:17,333:INFO: Epoch 18/30
2020-09-17 16:00:39,147:INFO: - Train metrics: accuracy: 0.075 ; loss: 0.472
2020-09-17 16:01:55,334:INFO: - Eval metrics : accuracy: 0.191 ; loss: 0.000
2020-09-17 16:01:55,373:INFO: - Found new best accuracy
2020-09-17 16:01:55,384:INFO: Epoch 19/30
2020-09-17 16:03:18,269:INFO: - Train metrics: accuracy: 0.085 ; loss: 0.458
2020-09-17 16:04:35,373:INFO: - Eval metrics : accuracy: 0.202 ; loss: 0.000
2020-09-17 16:04:35,411:INFO: - Found new best accuracy
2020-09-17 16:04:35,421:INFO: Epoch 20/30
2020-09-17 16:05:57,526:INFO: - Train metrics: accuracy: 0.105 ; loss: 0.463
2020-09-17 16:07:15,176:INFO: - Eval metrics : accuracy: 0.200 ; loss: 0.000
2020-09-17 16:07:15,205:INFO: Epoch 21/30
2020-09-17 16:08:37,546:INFO: - Train metrics: accuracy: 0.110 ; loss: 0.438
2020-09-17 16:09:54,882:INFO: - Eval metrics : accuracy: 0.206 ; loss: 0.000
2020-09-17 16:09:54,922:INFO: - Found new best accuracy
2020-09-17 16:09:54,932:INFO: Epoch 22/30
2020-09-17 16:11:17,019:INFO: - Train metrics: accuracy: 0.085 ; loss: 0.444
2020-09-17 16:12:34,825:INFO: - Eval metrics : accuracy: 0.219 ; loss: 0.000
2020-09-17 16:12:34,864:INFO: - Found new best accuracy
2020-09-17 16:12:34,875:INFO: Epoch 23/30
2020-09-17 16:13:57,510:INFO: - Train metrics: accuracy: 0.120 ; loss: 0.456
2020-09-17 16:15:15,065:INFO: - Eval metrics : accuracy: 0.219 ; loss: 0.000
2020-09-17 16:15:15,102:INFO: - Found new best accuracy
2020-09-17 16:15:15,112:INFO: Epoch 24/30
2020-09-17 16:16:37,792:INFO: - Train metrics: accuracy: 0.055 ; loss: 0.470
2020-09-17 16:17:54,976:INFO: - Eval metrics : accuracy: 0.235 ; loss: 0.000
2020-09-17 16:17:55,024:INFO: - Found new best accuracy
2020-09-17 16:17:55,033:INFO: Epoch 25/30
2020-09-17 16:19:17,636:INFO: - Train metrics: accuracy: 0.075 ; loss: 0.446
2020-09-17 16:20:35,089:INFO: - Eval metrics : accuracy: 0.220 ; loss: 0.000
2020-09-17 16:20:35,116:INFO: Epoch 26/30
2020-09-17 16:21:58,354:INFO: - Train metrics: accuracy: 0.105 ; loss: 0.445
2020-09-17 16:23:16,197:INFO: - Eval metrics : accuracy: 0.240 ; loss: 0.000
2020-09-17 16:23:16,235:INFO: - Found new best accuracy
2020-09-17 16:23:16,245:INFO: Epoch 27/30
2020-09-17 16:24:39,492:INFO: - Train metrics: accuracy: 0.095 ; loss: 0.438
2020-09-17 16:25:57,386:INFO: - Eval metrics : accuracy: 0.238 ; loss: 0.000
2020-09-17 16:25:57,414:INFO: Epoch 28/30
2020-09-17 16:27:20,677:INFO: - Train metrics: accuracy: 0.140 ; loss: 0.442
2020-09-17 16:28:38,781:INFO: - Eval metrics : accuracy: 0.249 ; loss: 0.000
2020-09-17 16:28:38,819:INFO: - Found new best accuracy
2020-09-17 16:28:38,830:INFO: Epoch 29/30
2020-09-17 16:30:02,309:INFO: - Train metrics: accuracy: 0.080 ; loss: 0.440
2020-09-17 16:31:20,443:INFO: - Eval metrics : accuracy: 0.235 ; loss: 0.000
2020-09-17 16:31:20,471:INFO: Epoch 30/30
2020-09-17 16:32:43,214:INFO: - Train metrics: accuracy: 0.120 ; loss: 0.432
2020-09-17 16:34:00,527:INFO: - Eval metrics : accuracy: 0.262 ; loss: 0.000
2020-09-17 16:34:00,565:INFO: - Found new best accuracy
2020-09-17 17:18:44,032:INFO: Loading the datasets...
2020-09-17 17:18:45,918:INFO: - done.
2020-09-17 17:18:49,072:INFO: Experiment - model version: cnn_distill
2020-09-17 17:18:49,072:INFO: Starting training for 30 epoch(s)
2020-09-17 17:18:49,073:INFO: First, loading the teacher model and computing its outputs...
2020-09-17 17:21:45,818:INFO: - Finished computing teacher outputs after 177 secs..
2020-09-17 17:21:45,819:INFO: Epoch 1/30
2020-09-17 17:23:07,515:INFO: - Train metrics: accuracy: 0.025 ; loss: 0.578
2020-09-17 17:24:23,662:INFO: - Eval metrics : accuracy: 0.051 ; loss: 0.000
2020-09-17 17:24:23,767:INFO: - Found new best accuracy
2020-09-17 17:24:23,777:INFO: Epoch 2/30
2020-09-17 17:25:45,713:INFO: - Train metrics: accuracy: 0.070 ; loss: 0.522
2020-09-17 17:27:01,921:INFO: - Eval metrics : accuracy: 0.078 ; loss: 0.000
2020-09-17 17:27:02,063:INFO: - Found new best accuracy
2020-09-17 17:27:02,076:INFO: Epoch 3/30
2020-09-17 17:28:23,323:INFO: - Train metrics: accuracy: 0.065 ; loss: 0.502
2020-09-17 17:29:38,557:INFO: - Eval metrics : accuracy: 0.109 ; loss: 0.000
2020-09-17 17:29:38,669:INFO: - Found new best accuracy
2020-09-17 17:29:38,679:INFO: Epoch 4/30
2020-09-17 17:30:59,544:INFO: - Train metrics: accuracy: 0.070 ; loss: 0.494
2020-09-17 17:32:15,713:INFO: - Eval metrics : accuracy: 0.150 ; loss: 0.000
2020-09-17 17:32:15,828:INFO: - Found new best accuracy
2020-09-17 17:32:15,837:INFO: Epoch 5/30
2020-09-17 17:33:36,638:INFO: - Train metrics: accuracy: 0.085 ; loss: 0.474
2020-09-17 17:34:52,897:INFO: - Eval metrics : accuracy: 0.186 ; loss: 0.000
2020-09-17 17:34:53,011:INFO: - Found new best accuracy
2020-09-17 17:34:53,021:INFO: Epoch 6/30
2020-09-17 17:36:14,025:INFO: - Train metrics: accuracy: 0.105 ; loss: 0.463
2020-09-17 17:37:30,568:INFO: - Eval metrics : accuracy: 0.216 ; loss: 0.000
2020-09-17 17:37:30,683:INFO: - Found new best accuracy
2020-09-17 17:37:30,692:INFO: Epoch 7/30
2020-09-17 17:38:52,201:INFO: - Train metrics: accuracy: 0.115 ; loss: 0.444
2020-09-17 17:40:07,557:INFO: - Eval metrics : accuracy: 0.245 ; loss: 0.000
2020-09-17 17:40:07,681:INFO: - Found new best accuracy
2020-09-17 17:40:07,690:INFO: Epoch 8/30
2020-09-17 17:41:28,459:INFO: - Train metrics: accuracy: 0.175 ; loss: 0.406
2020-09-17 17:42:43,535:INFO: - Eval metrics : accuracy: 0.285 ; loss: 0.000
2020-09-17 17:42:43,651:INFO: - Found new best accuracy
2020-09-17 17:42:43,660:INFO: Epoch 9/30
2020-09-17 17:44:04,101:INFO: - Train metrics: accuracy: 0.155 ; loss: 0.401
2020-09-17 17:45:18,853:INFO: - Eval metrics : accuracy: 0.319 ; loss: 0.000
2020-09-17 17:45:18,967:INFO: - Found new best accuracy
2020-09-17 17:45:18,976:INFO: Epoch 10/30
2020-09-17 17:46:39,192:INFO: - Train metrics: accuracy: 0.160 ; loss: 0.382
2020-09-17 17:47:55,500:INFO: - Eval metrics : accuracy: 0.366 ; loss: 0.000
2020-09-17 17:47:55,623:INFO: - Found new best accuracy
2020-09-17 17:47:55,633:INFO: Epoch 11/30
2020-09-17 17:49:17,910:INFO: - Train metrics: accuracy: 0.160 ; loss: 0.381
2020-09-17 17:50:34,323:INFO: - Eval metrics : accuracy: 0.386 ; loss: 0.000
2020-09-17 17:50:34,435:INFO: - Found new best accuracy
2020-09-17 17:50:34,444:INFO: Epoch 12/30
2020-09-17 17:51:55,630:INFO: - Train metrics: accuracy: 0.205 ; loss: 0.367
2020-09-17 17:53:12,221:INFO: - Eval metrics : accuracy: 0.425 ; loss: 0.000
2020-09-17 17:53:12,335:INFO: - Found new best accuracy
2020-09-17 17:53:12,345:INFO: Epoch 13/30
2020-09-17 17:54:33,892:INFO: - Train metrics: accuracy: 0.220 ; loss: 0.348
2020-09-17 17:55:50,832:INFO: - Eval metrics : accuracy: 0.465 ; loss: 0.000
2020-09-17 17:55:50,949:INFO: - Found new best accuracy
2020-09-17 17:55:50,964:INFO: Epoch 14/30
2020-09-17 17:57:13,331:INFO: - Train metrics: accuracy: 0.275 ; loss: 0.339
2020-09-17 17:58:30,083:INFO: - Eval metrics : accuracy: 0.488 ; loss: 0.000
2020-09-17 17:58:30,203:INFO: - Found new best accuracy
2020-09-17 17:58:30,212:INFO: Epoch 15/30
2020-09-17 17:59:52,160:INFO: - Train metrics: accuracy: 0.315 ; loss: 0.320
2020-09-17 18:01:09,163:INFO: - Eval metrics : accuracy: 0.540 ; loss: 0.000
2020-09-17 18:01:09,287:INFO: - Found new best accuracy
2020-09-17 18:01:09,299:INFO: Epoch 16/30
2020-09-17 18:02:31,549:INFO: - Train metrics: accuracy: 0.255 ; loss: 0.332
2020-09-17 18:03:47,862:INFO: - Eval metrics : accuracy: 0.563 ; loss: 0.000
2020-09-17 18:03:47,977:INFO: - Found new best accuracy
2020-09-17 18:03:47,986:INFO: Epoch 17/30
2020-09-17 18:05:09,926:INFO: - Train metrics: accuracy: 0.325 ; loss: 0.325
2020-09-17 18:06:25,081:INFO: - Eval metrics : accuracy: 0.568 ; loss: 0.000
2020-09-17 18:06:25,204:INFO: - Found new best accuracy
2020-09-17 18:06:25,213:INFO: Epoch 18/30
2020-09-17 18:07:45,838:INFO: - Train metrics: accuracy: 0.310 ; loss: 0.312
2020-09-17 18:09:01,433:INFO: - Eval metrics : accuracy: 0.612 ; loss: 0.000
2020-09-17 18:09:01,545:INFO: - Found new best accuracy
2020-09-17 18:09:01,553:INFO: Epoch 19/30
2020-09-17 18:10:22,989:INFO: - Train metrics: accuracy: 0.325 ; loss: 0.324
2020-09-17 18:11:38,783:INFO: - Eval metrics : accuracy: 0.654 ; loss: 0.000
2020-09-17 18:11:38,897:INFO: - Found new best accuracy
2020-09-17 18:11:38,907:INFO: Epoch 20/30
2020-09-17 18:13:00,558:INFO: - Train metrics: accuracy: 0.380 ; loss: 0.273
2020-09-17 18:14:16,125:INFO: - Eval metrics : accuracy: 0.644 ; loss: 0.000
2020-09-17 18:14:16,185:INFO: Epoch 21/30
2020-09-17 18:15:37,389:INFO: - Train metrics: accuracy: 0.395 ; loss: 0.286
2020-09-17 18:16:54,366:INFO: - Eval metrics : accuracy: 0.688 ; loss: 0.000
2020-09-17 18:16:54,485:INFO: - Found new best accuracy
2020-09-17 18:16:54,495:INFO: Epoch 22/30
2020-09-17 18:18:15,229:INFO: - Train metrics: accuracy: 0.405 ; loss: 0.270
2020-09-17 18:19:30,597:INFO: - Eval metrics : accuracy: 0.720 ; loss: 0.000
2020-09-17 18:19:30,708:INFO: - Found new best accuracy
2020-09-17 18:19:30,718:INFO: Epoch 23/30
2020-09-17 18:20:51,820:INFO: - Train metrics: accuracy: 0.365 ; loss: 0.284
2020-09-17 18:22:07,385:INFO: - Eval metrics : accuracy: 0.738 ; loss: 0.000
2020-09-17 18:22:07,501:INFO: - Found new best accuracy
2020-09-17 18:22:07,509:INFO: Epoch 24/30
2020-09-17 18:23:28,630:INFO: - Train metrics: accuracy: 0.415 ; loss: 0.251
2020-09-17 18:24:44,464:INFO: - Eval metrics : accuracy: 0.764 ; loss: 0.000
2020-09-17 18:24:44,596:INFO: - Found new best accuracy
2020-09-17 18:24:44,612:INFO: Epoch 25/30
2020-09-17 18:26:05,476:INFO: - Train metrics: accuracy: 0.360 ; loss: 0.275
2020-09-17 18:27:21,033:INFO: - Eval metrics : accuracy: 0.778 ; loss: 0.000
2020-09-17 18:27:21,156:INFO: - Found new best accuracy
2020-09-17 18:27:21,167:INFO: Epoch 26/30
2020-09-17 18:28:42,575:INFO: - Train metrics: accuracy: 0.440 ; loss: 0.255
2020-09-17 18:29:59,113:INFO: - Eval metrics : accuracy: 0.794 ; loss: 0.000
2020-09-17 18:29:59,226:INFO: - Found new best accuracy
2020-09-17 18:29:59,237:INFO: Epoch 27/30
2020-09-17 18:31:21,576:INFO: - Train metrics: accuracy: 0.460 ; loss: 0.241
2020-09-17 18:32:37,527:INFO: - Eval metrics : accuracy: 0.805 ; loss: 0.000
2020-09-17 18:32:37,641:INFO: - Found new best accuracy
2020-09-17 18:32:37,651:INFO: Epoch 28/30
2020-09-17 18:33:58,751:INFO: - Train metrics: accuracy: 0.460 ; loss: 0.237
2020-09-17 18:35:15,776:INFO: - Eval metrics : accuracy: 0.828 ; loss: 0.000
2020-09-17 18:35:15,901:INFO: - Found new best accuracy
2020-09-17 18:35:15,910:INFO: Epoch 29/30
2020-09-17 18:36:36,829:INFO: - Train metrics: accuracy: 0.510 ; loss: 0.232
2020-09-17 18:37:52,174:INFO: - Eval metrics : accuracy: 0.838 ; loss: 0.000
2020-09-17 18:37:52,294:INFO: - Found new best accuracy
2020-09-17 18:37:52,303:INFO: Epoch 30/30
2020-09-17 18:39:12,632:INFO: - Train metrics: accuracy: 0.510 ; loss: 0.238
2020-09-17 18:40:27,854:INFO: - Eval metrics : accuracy: 0.853 ; loss: 0.000
2020-09-17 18:40:27,972:INFO: - Found new best accuracy
2020-09-20 11:44:14,200:INFO: Loading the datasets...
2020-09-20 11:44:16,821:INFO: - done.
2020-09-20 11:45:32,142:INFO: Loading the datasets...
2020-09-20 11:45:32,236:INFO: - done.
2020-09-20 11:47:23,729:INFO: Loading the datasets...
2020-09-20 11:47:23,821:INFO: - done.
2020-09-20 11:47:29,685:INFO: Experiment - model version: cnn_distill
2020-09-20 11:47:29,685:INFO: Starting training for 30 epoch(s)
2020-09-20 11:47:29,685:INFO: First, loading the teacher model and computing its outputs...
2020-09-20 11:50:39,767:INFO: - Finished computing teacher outputs after 191 secs..
2020-09-20 11:50:39,770:INFO: Epoch 1/30
2020-09-20 11:51:12,276:INFO: - Train metrics: accuracy: 0.050 ; loss: 0.462
2020-09-20 11:51:43,491:INFO: - Eval metrics : accuracy: 0.452 ; loss: 0.000
2020-09-20 11:51:43,566:INFO: - Found new best accuracy
2020-09-20 11:51:44,709:INFO: Epoch 2/30
2020-09-20 11:52:15,892:INFO: - Train metrics: accuracy: 0.400 ; loss: 0.305
2020-09-20 11:52:46,317:INFO: - Eval metrics : accuracy: 0.621 ; loss: 0.000
2020-09-20 11:52:46,394:INFO: - Found new best accuracy
2020-09-20 11:52:46,402:INFO: Epoch 3/30
2020-09-20 11:53:16,937:INFO: - Train metrics: accuracy: 0.450 ; loss: 0.233
2020-09-20 11:53:47,966:INFO: - Eval metrics : accuracy: 0.699 ; loss: 0.000
2020-09-20 11:53:48,045:INFO: - Found new best accuracy
2020-09-20 11:53:48,055:INFO: Epoch 4/30
2020-09-20 11:54:19,658:INFO: - Train metrics: accuracy: 0.750 ; loss: 0.193
2020-09-20 11:54:50,675:INFO: - Eval metrics : accuracy: 0.782 ; loss: 0.000
2020-09-20 11:54:50,753:INFO: - Found new best accuracy
2020-09-20 11:54:50,760:INFO: Epoch 5/30
2020-09-20 11:55:21,835:INFO: - Train metrics: accuracy: 0.500 ; loss: 0.210
2020-09-20 11:55:52,580:INFO: - Eval metrics : accuracy: 0.891 ; loss: 0.000
2020-09-20 11:55:52,665:INFO: - Found new best accuracy
2020-09-20 11:55:52,675:INFO: Epoch 6/30
2020-09-20 11:56:23,895:INFO: - Train metrics: accuracy: 0.800 ; loss: 0.162
2020-09-20 11:56:54,844:INFO: - Eval metrics : accuracy: 0.877 ; loss: 0.000
2020-09-20 11:56:54,890:INFO: Epoch 7/30
2020-09-20 11:57:26,319:INFO: - Train metrics: accuracy: 0.650 ; loss: 0.185
2020-09-20 11:57:57,152:INFO: - Eval metrics : accuracy: 0.905 ; loss: 0.000
2020-09-20 11:57:57,238:INFO: - Found new best accuracy
2020-09-20 11:57:57,247:INFO: Epoch 8/30
2020-09-20 11:58:28,379:INFO: - Train metrics: accuracy: 0.900 ; loss: 0.130
2020-09-20 11:58:59,354:INFO: - Eval metrics : accuracy: 0.950 ; loss: 0.000
2020-09-20 11:58:59,432:INFO: - Found new best accuracy
2020-09-20 11:58:59,439:INFO: Epoch 9/30
2020-09-20 11:59:30,633:INFO: - Train metrics: accuracy: 0.950 ; loss: 0.123
2020-09-20 12:00:01,711:INFO: - Eval metrics : accuracy: 0.963 ; loss: 0.000
2020-09-20 12:00:01,788:INFO: - Found new best accuracy
2020-09-20 12:00:01,796:INFO: Epoch 10/30
2020-09-20 12:00:32,928:INFO: - Train metrics: accuracy: 0.850 ; loss: 0.148
2020-09-20 12:01:03,958:INFO: - Eval metrics : accuracy: 0.972 ; loss: 0.000
2020-09-20 12:01:04,035:INFO: - Found new best accuracy
2020-09-20 12:01:04,043:INFO: Epoch 11/30
2020-09-20 12:01:35,401:INFO: - Train metrics: accuracy: 1.000 ; loss: 0.134
2020-09-20 12:02:06,226:INFO: - Eval metrics : accuracy: 0.976 ; loss: 0.000
2020-09-20 12:02:06,303:INFO: - Found new best accuracy
2020-09-20 12:02:06,310:INFO: Epoch 12/30
2020-09-20 12:02:37,545:INFO: - Train metrics: accuracy: 1.000 ; loss: 0.104
2020-09-20 12:03:08,532:INFO: - Eval metrics : accuracy: 0.993 ; loss: 0.000
2020-09-20 12:03:08,610:INFO: - Found new best accuracy
2020-09-20 12:03:08,618:INFO: Epoch 13/30
2020-09-20 12:03:40,064:INFO: - Train metrics: accuracy: 1.000 ; loss: 0.108
2020-09-20 12:04:11,201:INFO: - Eval metrics : accuracy: 0.995 ; loss: 0.000
2020-09-20 12:04:11,280:INFO: - Found new best accuracy
2020-09-20 12:04:11,290:INFO: Epoch 14/30
2020-09-20 12:04:42,594:INFO: - Train metrics: accuracy: 0.950 ; loss: 0.128
2020-09-20 12:05:13,820:INFO: - Eval metrics : accuracy: 0.996 ; loss: 0.000
2020-09-20 12:05:13,907:INFO: - Found new best accuracy
2020-09-20 12:05:13,917:INFO: Epoch 15/30
2020-09-20 12:05:45,644:INFO: - Train metrics: accuracy: 1.000 ; loss: 0.104
2020-09-20 12:06:16,562:INFO: - Eval metrics : accuracy: 0.997 ; loss: 0.000
2020-09-20 12:06:16,643:INFO: - Found new best accuracy
2020-09-20 12:06:16,651:INFO: Epoch 16/30
2020-09-20 12:06:48,675:INFO: - Train metrics: accuracy: 0.950 ; loss: 0.103
2020-09-20 12:07:19,690:INFO: - Eval metrics : accuracy: 0.998 ; loss: 0.000
2020-09-20 12:07:19,770:INFO: - Found new best accuracy
2020-09-20 12:07:19,778:INFO: Epoch 17/30
2020-09-20 12:07:50,992:INFO: - Train metrics: accuracy: 1.000 ; loss: 0.106
2020-09-20 12:08:22,019:INFO: - Eval metrics : accuracy: 1.000 ; loss: 0.000
2020-09-20 12:08:22,097:INFO: - Found new best accuracy
2020-09-20 12:08:22,111:INFO: Epoch 18/30
2020-09-20 12:08:53,560:INFO: - Train metrics: accuracy: 1.000 ; loss: 0.103
2020-09-20 12:09:24,468:INFO: - Eval metrics : accuracy: 0.999 ; loss: 0.000
2020-09-20 12:09:24,515:INFO: Epoch 19/30
2020-09-20 12:09:55,648:INFO: - Train metrics: accuracy: 1.000 ; loss: 0.096
2020-09-20 12:10:26,679:INFO: - Eval metrics : accuracy: 0.999 ; loss: 0.000
2020-09-20 12:10:26,723:INFO: Epoch 20/30
2020-09-20 12:10:58,252:INFO: - Train metrics: accuracy: 1.000 ; loss: 0.096
2020-09-20 12:11:29,069:INFO: - Eval metrics : accuracy: 1.000 ; loss: 0.000
2020-09-20 12:11:29,158:INFO: - Found new best accuracy
2020-09-20 12:11:29,167:INFO: Epoch 21/30
2020-09-20 12:12:00,395:INFO: - Train metrics: accuracy: 1.000 ; loss: 0.113
2020-09-20 12:12:31,310:INFO: - Eval metrics : accuracy: 0.999 ; loss: 0.000
2020-09-20 12:12:31,354:INFO: Epoch 22/30
2020-09-20 12:13:02,572:INFO: - Train metrics: accuracy: 1.000 ; loss: 0.093
2020-09-20 12:13:33,692:INFO: - Eval metrics : accuracy: 0.999 ; loss: 0.000
2020-09-20 12:13:33,737:INFO: Epoch 23/30
2020-09-20 12:14:05,393:INFO: - Train metrics: accuracy: 1.000 ; loss: 0.099
2020-09-20 12:14:36,286:INFO: - Eval metrics : accuracy: 0.999 ; loss: 0.000
2020-09-20 12:14:36,330:INFO: Epoch 24/30
2020-09-20 12:15:07,429:INFO: - Train metrics: accuracy: 1.000 ; loss: 0.097
2020-09-20 12:15:38,491:INFO: - Eval metrics : accuracy: 0.998 ; loss: 0.000
2020-09-20 12:15:38,535:INFO: Epoch 25/30
2020-09-20 12:16:10,137:INFO: - Train metrics: accuracy: 1.000 ; loss: 0.095
2020-09-20 12:16:41,203:INFO: - Eval metrics : accuracy: 1.000 ; loss: 0.000
2020-09-20 12:16:41,288:INFO: - Found new best accuracy
2020-09-20 12:16:41,296:INFO: Epoch 26/30
2020-09-20 12:17:12,611:INFO: - Train metrics: accuracy: 1.000 ; loss: 0.089
2020-09-20 12:17:43,681:INFO: - Eval metrics : accuracy: 0.998 ; loss: 0.000
2020-09-20 12:17:43,725:INFO: Epoch 27/30
2020-09-20 12:18:15,225:INFO: - Train metrics: accuracy: 1.000 ; loss: 0.090
2020-09-20 12:18:46,271:INFO: - Eval metrics : accuracy: 1.000 ; loss: 0.000
2020-09-20 12:18:46,348:INFO: - Found new best accuracy
2020-09-20 12:18:46,355:INFO: Epoch 28/30
2020-09-20 12:19:17,796:INFO: - Train metrics: accuracy: 1.000 ; loss: 0.091
2020-09-20 12:19:48,808:INFO: - Eval metrics : accuracy: 0.997 ; loss: 0.000
2020-09-20 12:19:48,852:INFO: Epoch 29/30
2020-09-20 12:20:20,283:INFO: - Train metrics: accuracy: 1.000 ; loss: 0.091
2020-09-20 12:20:51,797:INFO: - Eval metrics : accuracy: 0.999 ; loss: 0.000
2020-09-20 12:20:51,841:INFO: Epoch 30/30
2020-09-20 12:21:23,380:INFO: - Train metrics: accuracy: 1.000 ; loss: 0.097
2020-09-20 12:21:54,771:INFO: - Eval metrics : accuracy: 1.000 ; loss: 0.000
2020-09-20 12:21:54,850:INFO: - Found new best accuracy
2020-09-22 03:08:07,868:INFO: Loading the datasets...
2020-09-22 03:08:13,260:INFO: - done.
2020-09-22 03:08:32,557:INFO: Experiment - model version: cnn_distill
2020-09-22 03:08:32,558:INFO: Starting training for 30 epoch(s)
2020-09-22 03:08:32,558:INFO: First, loading the teacher model and computing its outputs...
2020-09-22 03:17:03,914:INFO: - Finished computing teacher outputs after 512 secs..
2020-09-22 03:17:03,917:INFO: Epoch 1/30
2020-09-22 03:22:54,261:INFO: Loading the datasets...
2020-09-22 03:22:54,433:INFO: - done.
2020-09-22 03:24:11,500:INFO: Loading the datasets...
2020-09-22 03:24:11,673:INFO: - done.
2020-09-22 03:24:17,151:INFO: Experiment - model version: cnn_distill
2020-09-22 03:24:17,152:INFO: Starting training for 30 epoch(s)
2020-09-22 03:24:17,152:INFO: First, loading the teacher model and computing its outputs...
2020-09-22 03:25:10,929:INFO: - Finished computing teacher outputs after 54 secs..
2020-09-22 03:25:10,930:INFO: Epoch 1/30
2020-09-22 03:27:54,253:INFO: Loading the datasets...
2020-09-22 03:27:54,437:INFO: - done.
2020-09-22 03:27:58,716:INFO: Experiment - model version: cnn_distill
2020-09-22 03:27:58,716:INFO: Starting training for 30 epoch(s)
2020-09-22 03:27:58,717:INFO: First, loading the teacher model and computing its outputs...
2020-09-22 03:28:51,700:INFO: - Finished computing teacher outputs after 53 secs..
2020-09-22 03:28:51,701:INFO: Epoch 1/30
2020-09-22 03:29:44,227:INFO: - Train metrics: accuracy: 0.050 ; loss: 0.433
2020-09-22 03:30:36,690:INFO: - Eval metrics : accuracy: 0.430 ; loss: 0.000
2020-09-22 03:30:39,050:INFO: - Found new best accuracy
2020-09-22 03:30:40,243:INFO: Epoch 2/30
2020-09-22 03:31:33,165:INFO: - Train metrics: accuracy: 0.350 ; loss: 0.285
2020-09-22 03:32:25,353:INFO: - Eval metrics : accuracy: 0.639 ; loss: 0.000
2020-09-22 03:32:25,432:INFO: - Found new best accuracy
2020-09-22 03:32:25,444:INFO: Epoch 3/30
2020-09-22 03:33:18,032:INFO: - Train metrics: accuracy: 0.500 ; loss: 0.209
2020-09-22 03:34:10,565:INFO: - Eval metrics : accuracy: 0.735 ; loss: 0.000
2020-09-22 03:34:10,641:INFO: - Found new best accuracy
2020-09-22 03:34:10,649:INFO: Epoch 4/30
2020-09-22 03:35:03,623:INFO: - Train metrics: accuracy: 0.750 ; loss: 0.167
2020-09-22 03:35:56,335:INFO: - Eval metrics : accuracy: 0.798 ; loss: 0.000
2020-09-22 03:35:56,413:INFO: - Found new best accuracy
2020-09-22 03:35:56,420:INFO: Epoch 5/30
2020-09-22 03:36:49,445:INFO: - Train metrics: accuracy: 0.800 ; loss: 0.156
2020-09-22 03:37:41,899:INFO: - Eval metrics : accuracy: 0.874 ; loss: 0.000
2020-09-22 03:37:41,971:INFO: - Found new best accuracy
2020-09-22 03:37:41,980:INFO: Epoch 6/30
2020-09-22 03:38:35,093:INFO: - Train metrics: accuracy: 0.900 ; loss: 0.140
2020-09-22 03:39:27,507:INFO: - Eval metrics : accuracy: 0.907 ; loss: 0.000
2020-09-22 03:39:27,583:INFO: - Found new best accuracy
2020-09-22 03:39:27,590:INFO: Epoch 7/30
2020-09-22 03:40:20,706:INFO: - Train metrics: accuracy: 0.950 ; loss: 0.098
2020-09-22 03:41:13,824:INFO: - Eval metrics : accuracy: 0.961 ; loss: 0.000
2020-09-22 03:41:13,899:INFO: - Found new best accuracy
2020-09-22 03:41:13,908:INFO: Epoch 8/30
2020-09-22 03:42:07,158:INFO: - Train metrics: accuracy: 0.850 ; loss: 0.116
2020-09-22 03:42:59,737:INFO: - Eval metrics : accuracy: 0.968 ; loss: 0.000
2020-09-22 03:42:59,826:INFO: - Found new best accuracy
2020-09-22 03:42:59,838:INFO: Epoch 9/30
2020-09-22 03:43:52,813:INFO: - Train metrics: accuracy: 0.950 ; loss: 0.100
2020-09-22 03:44:45,102:INFO: - Eval metrics : accuracy: 0.974 ; loss: 0.000
2020-09-22 03:44:45,184:INFO: - Found new best accuracy
2020-09-22 03:44:45,192:INFO: Epoch 10/30
2020-09-22 03:45:38,434:INFO: - Train metrics: accuracy: 0.950 ; loss: 0.081
2020-09-22 03:46:31,022:INFO: - Eval metrics : accuracy: 0.985 ; loss: 0.000
2020-09-22 03:46:31,098:INFO: - Found new best accuracy
2020-09-22 03:46:31,108:INFO: Epoch 11/30
2020-09-22 03:47:24,213:INFO: - Train metrics: accuracy: 1.000 ; loss: 0.086
2020-09-22 03:48:16,793:INFO: - Eval metrics : accuracy: 0.984 ; loss: 0.000
2020-09-22 03:48:16,837:INFO: Epoch 12/30
2020-09-22 03:49:10,308:INFO: - Train metrics: accuracy: 1.000 ; loss: 0.064
2020-09-22 03:50:02,851:INFO: - Eval metrics : accuracy: 0.993 ; loss: 0.000
2020-09-22 03:50:02,934:INFO: - Found new best accuracy
2020-09-22 03:50:02,944:INFO: Epoch 13/30
2020-09-22 03:50:56,430:INFO: - Train metrics: accuracy: 1.000 ; loss: 0.065
2020-09-22 03:51:49,614:INFO: - Eval metrics : accuracy: 0.994 ; loss: 0.000
2020-09-22 03:51:49,696:INFO: - Found new best accuracy
2020-09-22 03:51:49,705:INFO: Epoch 14/30
2020-09-22 03:52:43,119:INFO: - Train metrics: accuracy: 1.000 ; loss: 0.068
2020-09-22 03:53:35,703:INFO: - Eval metrics : accuracy: 0.995 ; loss: 0.000
2020-09-22 03:53:35,778:INFO: - Found new best accuracy
2020-09-22 03:53:35,785:INFO: Epoch 15/30
2020-09-22 03:54:28,929:INFO: - Train metrics: accuracy: 1.000 ; loss: 0.078
2020-09-22 03:55:21,706:INFO: - Eval metrics : accuracy: 0.998 ; loss: 0.000
2020-09-22 03:55:21,786:INFO: - Found new best accuracy
2020-09-22 03:55:21,795:INFO: Epoch 16/30
2020-09-22 03:56:15,268:INFO: - Train metrics: accuracy: 1.000 ; loss: 0.071
2020-09-22 03:57:07,769:INFO: - Eval metrics : accuracy: 0.998 ; loss: 0.000
2020-09-22 03:57:07,842:INFO: - Found new best accuracy
2020-09-22 03:57:07,851:INFO: Epoch 17/30
2020-09-22 03:58:01,440:INFO: - Train metrics: accuracy: 1.000 ; loss: 0.060
2020-09-22 03:58:54,572:INFO: - Eval metrics : accuracy: 0.998 ; loss: 0.000
2020-09-22 03:58:54,615:INFO: Epoch 18/30
2020-09-22 03:59:47,526:INFO: - Train metrics: accuracy: 1.000 ; loss: 0.062
2020-09-22 04:00:40,385:INFO: - Eval metrics : accuracy: 1.000 ; loss: 0.000
2020-09-22 04:00:40,460:INFO: - Found new best accuracy
2020-09-22 04:00:40,467:INFO: Epoch 19/30
2020-09-22 04:01:34,454:INFO: - Train metrics: accuracy: 1.000 ; loss: 0.058
2020-09-22 04:02:26,804:INFO: - Eval metrics : accuracy: 1.000 ; loss: 0.000
2020-09-22 04:02:26,885:INFO: - Found new best accuracy
2020-09-22 04:02:26,894:INFO: Epoch 20/30
2020-09-22 04:03:19,917:INFO: - Train metrics: accuracy: 1.000 ; loss: 0.063
2020-09-22 04:04:12,550:INFO: - Eval metrics : accuracy: 1.000 ; loss: 0.000
2020-09-22 04:04:12,626:INFO: - Found new best accuracy
2020-09-22 04:04:12,632:INFO: Epoch 21/30
2020-09-22 04:05:05,768:INFO: - Train metrics: accuracy: 0.900 ; loss: 0.089
2020-09-22 04:05:58,147:INFO: - Eval metrics : accuracy: 1.000 ; loss: 0.000
2020-09-22 04:05:58,223:INFO: - Found new best accuracy
2020-09-22 04:05:58,230:INFO: Epoch 22/30
2020-09-22 04:06:51,636:INFO: - Train metrics: accuracy: 1.000 ; loss: 0.058
2020-09-22 04:07:44,254:INFO: - Eval metrics : accuracy: 1.000 ; loss: 0.000
2020-09-22 04:07:44,333:INFO: - Found new best accuracy
2020-09-22 04:07:44,341:INFO: Epoch 23/30
2020-09-22 04:08:37,261:INFO: - Train metrics: accuracy: 1.000 ; loss: 0.063
2020-09-22 04:09:29,721:INFO: - Eval metrics : accuracy: 1.000 ; loss: 0.000
2020-09-22 04:09:29,810:INFO: - Found new best accuracy
2020-09-22 04:09:29,818:INFO: Epoch 24/30
2020-09-22 04:10:22,507:INFO: - Train metrics: accuracy: 1.000 ; loss: 0.063
2020-09-22 04:11:15,026:INFO: - Eval metrics : accuracy: 1.000 ; loss: 0.000
2020-09-22 04:11:15,105:INFO: - Found new best accuracy
2020-09-22 04:11:15,114:INFO: Epoch 25/30
2020-09-22 04:12:08,165:INFO: - Train metrics: accuracy: 1.000 ; loss: 0.055
2020-09-22 04:13:00,972:INFO: - Eval metrics : accuracy: 1.000 ; loss: 0.000
2020-09-22 04:13:01,045:INFO: - Found new best accuracy
2020-09-22 04:13:01,052:INFO: Epoch 26/30
2020-09-22 04:13:54,626:INFO: - Train metrics: accuracy: 1.000 ; loss: 0.055
2020-09-22 04:14:47,221:INFO: - Eval metrics : accuracy: 1.000 ; loss: 0.000
2020-09-22 04:14:47,298:INFO: - Found new best accuracy
2020-09-22 04:14:47,304:INFO: Epoch 27/30
2020-09-22 04:15:40,601:INFO: - Train metrics: accuracy: 1.000 ; loss: 0.060
2020-09-22 04:16:33,065:INFO: - Eval metrics : accuracy: 1.000 ; loss: 0.000
2020-09-22 04:16:33,155:INFO: - Found new best accuracy
2020-09-22 04:16:33,162:INFO: Epoch 28/30
2020-09-22 04:17:26,078:INFO: - Train metrics: accuracy: 0.900 ; loss: 0.078
2020-09-22 04:18:18,598:INFO: - Eval metrics : accuracy: 1.000 ; loss: 0.000
2020-09-22 04:18:18,672:INFO: - Found new best accuracy
2020-09-22 04:18:18,678:INFO: Epoch 29/30
2020-09-22 04:19:11,791:INFO: - Train metrics: accuracy: 1.000 ; loss: 0.053
2020-09-22 04:20:04,115:INFO: - Eval metrics : accuracy: 1.000 ; loss: 0.000
2020-09-22 04:20:04,192:INFO: - Found new best accuracy
2020-09-22 04:20:04,200:INFO: Epoch 30/30
2020-09-22 04:20:57,064:INFO: - Train metrics: accuracy: 1.000 ; loss: 0.048
2020-09-22 04:21:49,646:INFO: - Eval metrics : accuracy: 1.000 ; loss: 0.000
2020-09-22 04:21:49,719:INFO: - Found new best accuracy
2020-09-23 17:49:48,811:INFO: Loading the datasets...
2020-09-23 17:49:52,803:INFO: - done.
2020-09-23 17:50:07,934:INFO: Experiment - model version: cnn_distill
2020-09-23 17:50:07,935:INFO: Starting training for 30 epoch(s)
2020-09-23 17:50:07,935:INFO: First, loading the teacher model and computing its outputs...
2020-09-23 17:56:51,663:INFO: - Finished computing teacher outputs after 404 secs..
2020-09-23 17:56:51,667:INFO: Epoch 1/30
2020-09-23 18:14:13,256:INFO: Loading the datasets...
2020-09-23 18:14:13,452:INFO: - done.
2020-09-23 18:14:17,107:INFO: Experiment - model version: cnn_distill
2020-09-23 18:14:17,108:INFO: Starting training for 30 epoch(s)
2020-09-23 18:14:17,108:INFO: First, loading the teacher model and computing its outputs...
2020-09-23 18:15:23,285:INFO: - Finished computing teacher outputs after 67 secs..
2020-09-23 18:15:23,287:INFO: Epoch 1/30
2020-09-23 18:16:10,820:INFO: Loading the datasets...
2020-09-23 18:16:11,017:INFO: - done.
2020-09-23 18:16:14,647:INFO: Experiment - model version: cnn_distill
2020-09-23 18:16:14,648:INFO: Starting training for 30 epoch(s)
2020-09-23 18:16:14,648:INFO: First, loading the teacher model and computing its outputs...
2020-09-23 18:17:20,549:INFO: - Finished computing teacher outputs after 66 secs..
2020-09-23 18:17:20,550:INFO: Epoch 1/30
2020-09-23 18:18:24,300:INFO: - Train metrics: accuracy: 0.050 ; loss: 0.437
2020-09-23 18:19:26,941:INFO: - Eval metrics : accuracy: 0.464 ; loss: 0.000
2020-09-23 18:19:29,431:INFO: - Found new best accuracy
2020-09-23 18:19:30,121:INFO: Epoch 2/30
2020-09-23 18:20:34,471:INFO: - Train metrics: accuracy: 0.500 ; loss: 0.249
2020-09-23 18:21:36,881:INFO: - Eval metrics : accuracy: 0.623 ; loss: 0.000
2020-09-23 18:21:36,997:INFO: - Found new best accuracy
2020-09-23 18:21:37,006:INFO: Epoch 3/30
2020-09-23 18:22:40,439:INFO: - Train metrics: accuracy: 0.650 ; loss: 0.215
2020-09-23 18:23:42,708:INFO: - Eval metrics : accuracy: 0.758 ; loss: 0.000
2020-09-23 18:23:42,827:INFO: - Found new best accuracy
2020-09-23 18:23:42,837:INFO: Epoch 4/30
2020-09-23 18:24:47,150:INFO: - Train metrics: accuracy: 0.750 ; loss: 0.176
2020-09-23 18:25:50,135:INFO: - Eval metrics : accuracy: 0.818 ; loss: 0.000
2020-09-23 18:25:50,249:INFO: - Found new best accuracy
2020-09-23 18:25:50,258:INFO: Epoch 5/30
2020-09-23 18:26:54,524:INFO: - Train metrics: accuracy: 0.800 ; loss: 0.155
2020-09-23 18:27:57,866:INFO: - Eval metrics : accuracy: 0.869 ; loss: 0.000
2020-09-23 18:27:57,994:INFO: - Found new best accuracy
2020-09-23 18:27:58,005:INFO: Epoch 6/30
2020-09-23 18:29:03,114:INFO: - Train metrics: accuracy: 0.850 ; loss: 0.139
2020-09-23 18:30:05,230:INFO: - Eval metrics : accuracy: 0.928 ; loss: 0.000
2020-09-23 18:30:05,346:INFO: - Found new best accuracy
2020-09-23 18:30:05,358:INFO: Epoch 7/30
2020-09-23 18:31:08,894:INFO: - Train metrics: accuracy: 0.900 ; loss: 0.115
2020-09-23 18:32:11,833:INFO: - Eval metrics : accuracy: 0.940 ; loss: 0.000
2020-09-23 18:32:11,951:INFO: - Found new best accuracy
2020-09-23 18:32:11,964:INFO: Epoch 8/30
2020-09-23 18:33:15,976:INFO: - Train metrics: accuracy: 0.900 ; loss: 0.115
2020-09-23 18:34:18,762:INFO: - Eval metrics : accuracy: 0.971 ; loss: 0.000
2020-09-23 18:34:18,881:INFO: - Found new best accuracy
2020-09-23 18:34:18,891:INFO: Epoch 9/30
2020-09-23 18:35:22,779:INFO: - Train metrics: accuracy: 0.950 ; loss: 0.096
2020-09-23 18:36:25,481:INFO: - Eval metrics : accuracy: 0.982 ; loss: 0.000
2020-09-23 18:36:25,595:INFO: - Found new best accuracy
2020-09-23 18:36:25,604:INFO: Epoch 10/30
2020-09-23 18:37:29,053:INFO: - Train metrics: accuracy: 1.000 ; loss: 0.075
2020-09-23 18:38:31,746:INFO: - Eval metrics : accuracy: 0.978 ; loss: 0.000
2020-09-23 18:38:31,809:INFO: Epoch 11/30
2020-09-23 18:39:35,512:INFO: - Train metrics: accuracy: 1.000 ; loss: 0.081
2020-09-23 18:40:38,218:INFO: - Eval metrics : accuracy: 0.990 ; loss: 0.000
2020-09-23 18:40:38,343:INFO: - Found new best accuracy
2020-09-23 18:40:38,359:INFO: Epoch 12/30
2020-09-23 18:41:42,982:INFO: - Train metrics: accuracy: 0.900 ; loss: 0.095
2020-09-23 18:42:45,980:INFO: - Eval metrics : accuracy: 0.993 ; loss: 0.000
2020-09-23 18:42:46,096:INFO: - Found new best accuracy
2020-09-23 18:42:46,107:INFO: Epoch 13/30
2020-09-23 18:43:50,921:INFO: - Train metrics: accuracy: 0.900 ; loss: 0.103
2020-09-23 18:44:54,040:INFO: - Eval metrics : accuracy: 0.995 ; loss: 0.000
2020-09-23 18:44:54,161:INFO: - Found new best accuracy
2020-09-23 18:44:54,171:INFO: Epoch 14/30
2020-09-23 18:45:58,335:INFO: - Train metrics: accuracy: 1.000 ; loss: 0.066
2020-09-23 18:47:00,745:INFO: - Eval metrics : accuracy: 0.993 ; loss: 0.000
2020-09-23 18:47:00,840:INFO: Epoch 15/30
2020-09-23 18:48:05,058:INFO: - Train metrics: accuracy: 1.000 ; loss: 0.067
2020-09-23 18:49:08,478:INFO: - Eval metrics : accuracy: 0.996 ; loss: 0.000
2020-09-23 18:49:08,594:INFO: - Found new best accuracy
2020-09-23 18:49:08,605:INFO: Epoch 16/30
2020-09-23 18:50:13,775:INFO: - Train metrics: accuracy: 1.000 ; loss: 0.079
2020-09-23 18:51:17,711:INFO: - Eval metrics : accuracy: 0.998 ; loss: 0.000
2020-09-23 18:51:17,839:INFO: - Found new best accuracy
2020-09-23 18:51:17,848:INFO: Epoch 17/30
2020-09-23 18:52:22,949:INFO: - Train metrics: accuracy: 0.950 ; loss: 0.073
2020-09-23 18:53:27,032:INFO: - Eval metrics : accuracy: 0.998 ; loss: 0.000
2020-09-23 18:53:27,093:INFO: Epoch 18/30
2020-09-23 18:54:32,832:INFO: - Train metrics: accuracy: 1.000 ; loss: 0.076
2020-09-23 18:55:36,714:INFO: - Eval metrics : accuracy: 1.000 ; loss: 0.000
2020-09-23 18:55:36,832:INFO: - Found new best accuracy
2020-09-23 18:55:36,841:INFO: Epoch 19/30
2020-09-23 18:56:41,732:INFO: - Train metrics: accuracy: 1.000 ; loss: 0.063
2020-09-23 18:57:44,375:INFO: - Eval metrics : accuracy: 0.999 ; loss: 0.000
2020-09-23 18:57:44,434:INFO: Epoch 20/30
2020-09-23 18:58:48,761:INFO: - Train metrics: accuracy: 1.000 ; loss: 0.073
2020-09-23 18:59:51,906:INFO: - Eval metrics : accuracy: 1.000 ; loss: 0.000
2020-09-23 18:59:52,023:INFO: - Found new best accuracy
2020-09-23 18:59:52,032:INFO: Epoch 21/30
2020-09-23 19:00:56,736:INFO: - Train metrics: accuracy: 0.950 ; loss: 0.067
2020-09-23 19:02:00,150:INFO: - Eval metrics : accuracy: 1.000 ; loss: 0.000
2020-09-23 19:02:00,270:INFO: - Found new best accuracy
2020-09-23 19:02:00,280:INFO: Epoch 22/30
2020-09-23 19:03:05,176:INFO: - Train metrics: accuracy: 0.950 ; loss: 0.069
2020-09-23 19:04:08,527:INFO: - Eval metrics : accuracy: 1.000 ; loss: 0.000
2020-09-23 19:04:08,666:INFO: - Found new best accuracy
2020-09-23 19:04:08,678:INFO: Epoch 23/30
2020-09-23 19:05:12,924:INFO: - Train metrics: accuracy: 1.000 ; loss: 0.065
2020-09-23 19:06:16,507:INFO: - Eval metrics : accuracy: 1.000 ; loss: 0.000
2020-09-23 19:06:16,629:INFO: - Found new best accuracy
2020-09-23 19:06:16,639:INFO: Epoch 24/30
2020-09-24 05:49:04,955:INFO: Loading the datasets...
2020-09-24 05:49:09,631:INFO: - done.
2020-09-24 05:49:27,411:INFO: Experiment - model version: cnn_distill
2020-09-24 05:49:27,412:INFO: Starting training for 30 epoch(s)
2020-09-24 05:49:27,412:INFO: First, loading the teacher model and computing its outputs...
2020-09-24 05:59:28,435:INFO: - Finished computing teacher outputs after 602 secs..
2020-09-24 05:59:28,439:INFO: Epoch 1/30
2020-09-24 06:00:21,364:INFO: - Train metrics: accuracy: 0.050 ; loss: 0.477
2020-09-24 06:01:13,416:INFO: - Eval metrics : accuracy: 0.238 ; loss: 0.000
2020-09-24 06:01:13,445:INFO: - Found new best accuracy
2020-09-24 06:01:14,648:INFO: Epoch 2/30
2020-09-24 06:02:07,228:INFO: - Train metrics: accuracy: 0.200 ; loss: 0.353
2020-09-24 06:02:59,398:INFO: - Eval metrics : accuracy: 0.357 ; loss: 0.000
2020-09-24 06:02:59,443:INFO: - Found new best accuracy
2020-09-24 06:02:59,454:INFO: Epoch 3/30
2020-09-24 06:03:51,905:INFO: - Train metrics: accuracy: 0.250 ; loss: 0.370
2020-09-24 06:04:44,177:INFO: - Eval metrics : accuracy: 0.466 ; loss: 0.000
2020-09-24 06:04:44,205:INFO: - Found new best accuracy
2020-09-24 06:04:44,213:INFO: Epoch 4/30
2020-09-24 06:05:37,365:INFO: - Train metrics: accuracy: 0.400 ; loss: 0.296
2020-09-24 06:06:29,687:INFO: - Eval metrics : accuracy: 0.426 ; loss: 0.000
2020-09-24 06:06:29,707:INFO: Epoch 5/30
2020-09-24 06:07:22,635:INFO: - Train metrics: accuracy: 0.500 ; loss: 0.262
2020-09-24 06:08:15,148:INFO: - Eval metrics : accuracy: 0.591 ; loss: 0.000
2020-09-24 06:08:15,178:INFO: - Found new best accuracy
2020-09-24 06:08:15,188:INFO: Epoch 6/30
2020-09-24 06:09:07,827:INFO: - Train metrics: accuracy: 0.550 ; loss: 0.258
2020-09-24 06:10:00,119:INFO: - Eval metrics : accuracy: 0.685 ; loss: 0.000
2020-09-24 06:10:00,148:INFO: - Found new best accuracy
2020-09-24 06:10:00,155:INFO: Epoch 7/30
2020-09-24 06:10:53,275:INFO: - Train metrics: accuracy: 0.800 ; loss: 0.192
2020-09-24 06:11:45,531:INFO: - Eval metrics : accuracy: 0.649 ; loss: 0.000
2020-09-24 06:11:45,557:INFO: Epoch 8/30
2020-09-24 06:12:38,414:INFO: - Train metrics: accuracy: 0.700 ; loss: 0.203
2020-09-24 06:13:30,788:INFO: - Eval metrics : accuracy: 0.799 ; loss: 0.000
2020-09-24 06:13:30,817:INFO: - Found new best accuracy
2020-09-24 06:13:30,824:INFO: Epoch 9/30
2020-09-24 06:14:23,340:INFO: - Train metrics: accuracy: 0.850 ; loss: 0.167
2020-09-24 06:15:15,481:INFO: - Eval metrics : accuracy: 0.796 ; loss: 0.000
2020-09-24 06:15:15,503:INFO: Epoch 10/30
2020-09-24 06:16:08,590:INFO: - Train metrics: accuracy: 0.850 ; loss: 0.154
2020-09-24 06:17:00,760:INFO: - Eval metrics : accuracy: 0.848 ; loss: 0.000
2020-09-24 06:17:00,788:INFO: - Found new best accuracy
2020-09-24 06:17:00,797:INFO: Epoch 11/30
2020-09-24 06:17:53,844:INFO: - Train metrics: accuracy: 0.900 ; loss: 0.135
2020-09-24 06:18:46,578:INFO: - Eval metrics : accuracy: 0.881 ; loss: 0.000
2020-09-24 06:18:46,606:INFO: - Found new best accuracy
2020-09-24 06:18:46,614:INFO: Epoch 12/30
2020-09-24 06:19:39,554:INFO: - Train metrics: accuracy: 0.950 ; loss: 0.120
2020-09-24 06:20:32,220:INFO: - Eval metrics : accuracy: 0.860 ; loss: 0.000
2020-09-24 06:20:32,241:INFO: Epoch 13/30
2020-09-24 06:21:25,419:INFO: - Train metrics: accuracy: 0.850 ; loss: 0.147
2020-09-24 06:22:17,926:INFO: - Eval metrics : accuracy: 0.912 ; loss: 0.000
2020-09-24 06:22:17,955:INFO: - Found new best accuracy
2020-09-24 06:22:17,962:INFO: Epoch 14/30
2020-09-24 06:23:11,222:INFO: - Train metrics: accuracy: 0.900 ; loss: 0.120
2020-09-24 06:24:03,886:INFO: - Eval metrics : accuracy: 0.910 ; loss: 0.000
2020-09-24 06:24:03,905:INFO: Epoch 15/30
2020-09-24 06:24:56,804:INFO: - Train metrics: accuracy: 1.000 ; loss: 0.105
2020-09-24 06:25:49,420:INFO: - Eval metrics : accuracy: 0.949 ; loss: 0.000
2020-09-24 06:25:49,448:INFO: - Found new best accuracy
2020-09-24 06:25:49,455:INFO: Epoch 16/30
2020-09-24 06:26:42,351:INFO: - Train metrics: accuracy: 0.950 ; loss: 0.112
2020-09-24 06:27:34,677:INFO: - Eval metrics : accuracy: 0.961 ; loss: 0.000
2020-09-24 06:27:34,704:INFO: - Found new best accuracy
2020-09-24 06:27:34,712:INFO: Epoch 17/30
2020-09-24 06:28:27,938:INFO: - Train metrics: accuracy: 1.000 ; loss: 0.092
2020-09-24 06:29:20,679:INFO: - Eval metrics : accuracy: 0.951 ; loss: 0.000
2020-09-24 06:29:20,699:INFO: Epoch 18/30
2020-09-24 06:30:14,178:INFO: - Train metrics: accuracy: 0.950 ; loss: 0.116
2020-09-24 06:31:06,886:INFO: - Eval metrics : accuracy: 0.974 ; loss: 0.000
2020-09-24 06:31:06,915:INFO: - Found new best accuracy
2020-09-24 06:31:06,922:INFO: Epoch 19/30
2020-09-24 06:31:59,846:INFO: - Train metrics: accuracy: 1.000 ; loss: 0.105
2020-09-24 06:32:52,274:INFO: - Eval metrics : accuracy: 0.979 ; loss: 0.000
2020-09-24 06:32:52,302:INFO: - Found new best accuracy
2020-09-24 06:32:52,320:INFO: Epoch 20/30
2020-09-24 06:33:45,343:INFO: - Train metrics: accuracy: 1.000 ; loss: 0.086
2020-09-24 06:34:37,713:INFO: - Eval metrics : accuracy: 0.965 ; loss: 0.000
2020-09-24 06:34:37,734:INFO: Epoch 21/30
2020-09-24 06:35:30,515:INFO: - Train metrics: accuracy: 1.000 ; loss: 0.093
